[debug] [2023-06-03T21:17:54.018Z] ----------------------------------------------------------------------
[debug] [2023-06-03T21:17:54.019Z] Command:       C:\Program Files\nodejs\node.exe C:\Users\Administrator\AppData\Roaming\npm\node_modules\firebase-tools\lib\bin\firebase.js init
[debug] [2023-06-03T21:17:54.020Z] CLI Version:   12.3.0
[debug] [2023-06-03T21:17:54.020Z] Platform:      win32
[debug] [2023-06-03T21:17:54.020Z] Node Version:  v18.15.0
[debug] [2023-06-03T21:17:54.021Z] Time:          Sun Jun 04 2023 00:17:54 GMT+0300 (Eastern European Summer Time)
[debug] [2023-06-03T21:17:54.021Z] ----------------------------------------------------------------------
[debug] 
[debug] [2023-06-03T21:17:54.026Z] > command requires scopes: ["email","openid","https://www.googleapis.com/auth/cloudplatformprojects.readonly","https://www.googleapis.com/auth/firebase","https://www.googleapis.com/auth/cloud-platform"]
[debug] [2023-06-03T21:17:54.027Z] > authorizing via signed-in user (markuso8525@gmail.com)
[info] 
     ######## #### ########  ######## ########     ###     ######  ########
     ##        ##  ##     ## ##       ##     ##  ##   ##  ##       ##
     ######    ##  ########  ######   ########  #########  ######  ######
     ##        ##  ##    ##  ##       ##     ## ##     ##       ## ##
     ##       #### ##     ## ######## ########  ##     ##  ######  ########

You're about to initialize a Firebase project in this directory:

  C:\Users\Administrator\VSS CODE ALL I NEED\portfolio

[info] 
=== Project Setup
[info] 
[info] First, let's associate this project directory with a Firebase project.
[info] You can create multiple project aliases by running firebase use --add, 
[info] but for now we'll just set up a default project.
[info] 
[debug] [2023-06-03T22:51:37.975Z] > refreshing access token with scopes: []
[debug] [2023-06-03T22:51:37.977Z] >>> [apiv2][query] POST https://www.googleapis.com/oauth2/v3/token [none]
[debug] [2023-06-03T22:51:37.977Z] >>> [apiv2][body] POST https://www.googleapis.com/oauth2/v3/token [omitted]
[debug] [2023-06-03T22:51:38.176Z] <<< [apiv2][status] POST https://www.googleapis.com/oauth2/v3/token 200
[debug] [2023-06-03T22:51:38.177Z] <<< [apiv2][body] POST https://www.googleapis.com/oauth2/v3/token [omitted]
[debug] [2023-06-03T22:51:38.188Z] >>> [apiv2][query] GET https://firebase.googleapis.com/v1beta1/projects pageSize=100
[debug] [2023-06-03T22:51:38.705Z] <<< [apiv2][status] GET https://firebase.googleapis.com/v1beta1/projects 200
[debug] [2023-06-03T22:51:38.706Z] <<< [apiv2][body] GET https://firebase.googleapis.com/v1beta1/projects [omitted]
[info] i  Using project charades-f3e8d (Charades) 
[info] 
=== Hosting Setup
[info] 
[info] Your public directory is the folder (relative to your project directory) that
[info] will contain Hosting assets to be uploaded with firebase deploy. If you
[info] have a build process for your assets, use your build's output directory.
[info] 
